<?xml version="1.0" encoding="UTF-8"?>
<!-- Generated by org.testng.reporters.JUnitReportReporter -->
<testsuite hostname="LAPTOP-O9R0AUPO" failures="0" tests="2" name="Backend.APITests" time="3.690" errors="0" timestamp="2024-07-15T17:31:52 IST" skipped="0">
  <testcase classname="Backend.APITests" name="testSearchProduct" time="1.055"/>
  <testcase classname="Backend.APITests" name="testGetProductDetails" time="2.635"/>
</testsuite> <!-- Backend.APITests -->
