<?xml version="1.0" encoding="UTF-8"?>
<!-- Generated by org.testng.reporters.JUnitReportReporter -->
<testsuite hostname="LAPTOP-O9R0AUPO" failures="0" tests="1" name="ProductSearchTest" time="10.755" errors="0" timestamp="2024-07-13T18:12:40 IST" skipped="0">
  <testcase classname="ProductSearchTest" name="testProductSearchOnAmazonAndFlipkart" time="10.755"/>
</testsuite> <!-- ProductSearchTest -->
